#
# There is insufficient memory for the Java Runtime Environment to continue.
# Native memory allocation (malloc) failed to allocate 1093856 bytes. Error detail: Chunk::new
# Possible reasons:
#   The system is out of physical RAM or swap space
#   This process is running with CompressedOops enabled, and the Java Heap may be blocking the growth of the native heap
# Possible solutions:
#   Reduce memory load on the system
#   Increase physical memory or swap space
#   Check if swap backing store is full
#   Decrease Java heap size (-Xmx/-Xms)
#   Decrease number of Java threads
#   Decrease Java thread stack sizes (-Xss)
#   Set larger code cache with -XX:ReservedCodeCacheSize=
#   JVM is running with Unscaled Compressed Oops mode in which the Java heap is
#     placed in the first 4GB address space. The Java Heap base address is the
#     maximum limit for the native heap growth. Please use -XX:HeapBaseMinAddress
#     to set the Java Heap base and to place the Java Heap above 4GB virtual address.
# This output file may be truncated or incomplete.
#
#  Out of Memory Error (arena.cpp:191), pid=16752, tid=6312
#
# JRE version: OpenJDK Runtime Environment Temurin-17.0.13+11 (17.0.13+11) (build 17.0.13+11)
# Java VM: OpenJDK 64-Bit Server VM Temurin-17.0.13+11 (17.0.13+11, mixed mode, tiered, compressed oops, compressed class ptrs, parallel gc, windows-amd64)
# No core dump will be written. Minidumps are not enabled by default on client versions of Windows
#

---------------  S U M M A R Y ------------

Command Line: --add-modules=ALL-SYSTEM --add-opens=java.base/java.util=ALL-UNNAMED --add-opens=java.base/java.lang=ALL-UNNAMED --add-opens=java.base/sun.nio.fs=ALL-UNNAMED -Declipse.application=org.eclipse.jdt.ls.core.id1 -Dosgi.bundles.defaultStartLevel=4 -Declipse.product=org.eclipse.jdt.ls.core.product -Djava.import.generatesMetadataFilesAtProjectRoot=false -DDetectVMInstallationsJob.disabled=true -Dfile.encoding=utf8 -XX:+UseParallelGC -XX:GCTimeRatio=4 -XX:AdaptiveSizePolicyWeight=90 -Dsun.zip.disableMemoryMapping=true -Xmx1G -Xms100m -Xlog:disable -javaagent:c:\Users\admin\.cursor\extensions\redhat.java-1.38.0-win32-x64\lombok\lombok-1.18.34.jar c:\Users\admin\.cursor\extensions\redhat.java-1.38.0-win32-x64\server\plugins\org.eclipse.equinox.launcher_1.6.900.v20240613-2009.jar -configuration c:\Users\admin\AppData\Roaming\Cursor\User\globalStorage\redhat.java\1.38.0\config_ss_win -data c:\Users\admin\AppData\Roaming\Cursor\User\workspaceStorage\e593a7422e36c66f6785c8bc25427403\redhat.java\ss_ws --pipe=\\.\pipe\lsp-44403bd15c7839d0cc839e3ab02574c4-sock

Host: Intel(R) Core(TM) i5-7200U CPU @ 2.50GHz, 4 cores, 15G,  Windows 10 , 64 bit Build 19041 (10.0.19041.5198)
Time: Sun Jan 12 01:05:10 2025 SE Asia Standard Time elapsed time: 59.964315 seconds (0d 0h 0m 59s)

---------------  T H R E A D  ---------------

Current thread (0x000001ccd2e835e0):  JavaThread "C2 CompilerThread0" daemon [_thread_in_native, id=6312, stack(0x00000075c5600000,0x00000075c5700000)]


Current CompileTask:
C2:  59964 7499       4       org.eclipse.jdt.internal.compiler.lookup.LookupEnvironment::getTypeFromTypeSignature (770 bytes)

Stack: [0x00000075c5600000,0x00000075c5700000]
Native frames: (J=compiled Java code, j=interpreted, Vv=VM code, C=native code)
V  [jvm.dll+0x682a19]
V  [jvm.dll+0x839538]
V  [jvm.dll+0x83afe3]
V  [jvm.dll+0x83b653]
V  [jvm.dll+0x24704f]
V  [jvm.dll+0xace34]
V  [jvm.dll+0xad4cc]
V  [jvm.dll+0x2ac84f]
V  [jvm.dll+0x588a79]
V  [jvm.dll+0x220ea2]
V  [jvm.dll+0x22129f]
V  [jvm.dll+0x21a2b0]
V  [jvm.dll+0x21738b]
V  [jvm.dll+0x1a3070]
V  [jvm.dll+0x22788c]
V  [jvm.dll+0x2259eb]
V  [jvm.dll+0x7eec98]
V  [jvm.dll+0x7e8ffc]
V  [jvm.dll+0x6818f7]
C  [ucrtbase.dll+0x21bb2]
C  [KERNEL32.DLL+0x17374]
C  [ntdll.dll+0x4cc91]


---------------  P R O C E S S  ---------------

Threads class SMR info:
_java_thread_list=0x000001ccd96dc2b0, length=39, elements={
0x000001ccbd0bc820, 0x000001ccbd1789a0, 0x000001ccbd17a4c0, 0x000001ccd2e7b040,
0x000001ccd2e7bdd0, 0x000001ccd2e7ea60, 0x000001ccd2e80430, 0x000001ccd2e835e0,
0x000001ccd2eadfc0, 0x000001ccd801af60, 0x000001ccd80e5270, 0x000001ccd82928d0,
0x000001ccd8a01250, 0x000001ccd8885270, 0x000001ccd8885750, 0x000001ccd8854290,
0x000001ccd8378a30, 0x000001ccd8379960, 0x000001ccd8377b00, 0x000001ccd8379e70,
0x000001ccd8378010, 0x000001ccd8378520, 0x000001ccd8378f40, 0x000001ccd837a890,
0x000001ccd8379450, 0x000001ccd837a380, 0x000001ccd837ada0, 0x000001ccd9247b60,
0x000001ccd9243ea0, 0x000001ccd9243480, 0x000001ccd9245d00, 0x000001ccd9248070,
0x000001ccd9242040, 0x000001ccda8acce0, 0x000001ccd9246210, 0x000001ccd92443b0,
0x000001ccd9246c30, 0x000001ccd92448c0, 0x000001ccd9247140
}

Java Threads: ( => current thread )
  0x000001ccbd0bc820 JavaThread "main" [_thread_blocked, id=2680, stack(0x00000075c4d00000,0x00000075c4e00000)]
  0x000001ccbd1789a0 JavaThread "Reference Handler" daemon [_thread_blocked, id=15396, stack(0x00000075c5000000,0x00000075c5100000)]
  0x000001ccbd17a4c0 JavaThread "Finalizer" daemon [_thread_blocked, id=1652, stack(0x00000075c5100000,0x00000075c5200000)]
  0x000001ccd2e7b040 JavaThread "Signal Dispatcher" daemon [_thread_blocked, id=10996, stack(0x00000075c5200000,0x00000075c5300000)]
  0x000001ccd2e7bdd0 JavaThread "Attach Listener" daemon [_thread_blocked, id=4372, stack(0x00000075c5300000,0x00000075c5400000)]
  0x000001ccd2e7ea60 JavaThread "Service Thread" daemon [_thread_blocked, id=2344, stack(0x00000075c5400000,0x00000075c5500000)]
  0x000001ccd2e80430 JavaThread "Monitor Deflation Thread" daemon [_thread_blocked, id=17136, stack(0x00000075c5500000,0x00000075c5600000)]
=>0x000001ccd2e835e0 JavaThread "C2 CompilerThread0" daemon [_thread_in_native, id=6312, stack(0x00000075c5600000,0x00000075c5700000)]
  0x000001ccd2eadfc0 JavaThread "C1 CompilerThread0" daemon [_thread_blocked, id=11568, stack(0x00000075c5700000,0x00000075c5800000)]
  0x000001ccd801af60 JavaThread "Sweeper thread" daemon [_thread_blocked, id=5160, stack(0x00000075c5800000,0x00000075c5900000)]
  0x000001ccd80e5270 JavaThread "Common-Cleaner" daemon [_thread_blocked, id=10460, stack(0x00000075c5900000,0x00000075c5a00000)]
  0x000001ccd82928d0 JavaThread "Notification Thread" daemon [_thread_blocked, id=9708, stack(0x00000075c5a00000,0x00000075c5b00000)]
  0x000001ccd8a01250 JavaThread "Active Thread: Equinox Container: a41b6aa4-0554-4f62-96ba-58546a3d1ca2" [_thread_blocked, id=14208, stack(0x00000075c6000000,0x00000075c6100000)]
  0x000001ccd8885270 JavaThread "Framework Event Dispatcher: Equinox Container: a41b6aa4-0554-4f62-96ba-58546a3d1ca2" daemon [_thread_blocked, id=17952, stack(0x00000075c5f00000,0x00000075c6000000)]
  0x000001ccd8885750 JavaThread "Start Level: Equinox Container: a41b6aa4-0554-4f62-96ba-58546a3d1ca2" daemon [_thread_blocked, id=17356, stack(0x00000075c6100000,0x00000075c6200000)]
  0x000001ccd8854290 JavaThread "SCR Component Actor" daemon [_thread_blocked, id=14696, stack(0x00000075c6200000,0x00000075c6300000)]
  0x000001ccd8378a30 JavaThread "Worker-JM" [_thread_blocked, id=8820, stack(0x00000075c6400000,0x00000075c6500000)]
  0x000001ccd8379960 JavaThread "Worker-0" [_thread_blocked, id=8512, stack(0x00000075c6500000,0x00000075c6600000)]
  0x000001ccd8377b00 JavaThread "Worker-1" [_thread_blocked, id=12436, stack(0x00000075c6600000,0x00000075c6700000)]
  0x000001ccd8379e70 JavaThread "JNA Cleaner" daemon [_thread_blocked, id=19188, stack(0x00000075c6300000,0x00000075c6400000)]
  0x000001ccd8378010 JavaThread "Thread-2" daemon [_thread_in_native, id=19364, stack(0x00000075c6900000,0x00000075c6a00000)]
  0x000001ccd8378520 JavaThread "Thread-3" daemon [_thread_in_native, id=19368, stack(0x00000075c6a00000,0x00000075c6b00000)]
  0x000001ccd8378f40 JavaThread "Thread-4" daemon [_thread_in_native, id=19372, stack(0x00000075c6b00000,0x00000075c6c00000)]
  0x000001ccd837a890 JavaThread "Thread-5" daemon [_thread_in_native, id=19376, stack(0x00000075c6c00000,0x00000075c6d00000)]
  0x000001ccd8379450 JavaThread "Thread-6" daemon [_thread_in_native, id=19380, stack(0x00000075c6d00000,0x00000075c6e00000)]
  0x000001ccd837a380 JavaThread "Worker-2" [_thread_blocked, id=19392, stack(0x00000075c6e00000,0x00000075c6f00000)]
  0x000001ccd837ada0 JavaThread "pool-2-thread-1" [_thread_blocked, id=18548, stack(0x00000075c6f00000,0x00000075c7000000)]
  0x000001ccd9247b60 JavaThread "WorkspaceEventsHandler" [_thread_blocked, id=15968, stack(0x00000075c7000000,0x00000075c7100000)]
  0x000001ccd9243ea0 JavaThread "pool-1-thread-1" [_thread_blocked, id=18492, stack(0x00000075c7100000,0x00000075c7200000)]
  0x000001ccd9243480 JavaThread "ForkJoinPool.commonPool-worker-1" daemon [_thread_in_Java, id=10656, stack(0x00000075c7200000,0x00000075c7300000)]
  0x000001ccd9245d00 JavaThread "ForkJoinPool.commonPool-worker-2" daemon [_thread_blocked, id=1644, stack(0x00000075c7300000,0x00000075c7400000)]
  0x000001ccd9248070 JavaThread "ForkJoinPool.commonPool-worker-3" daemon [_thread_blocked, id=16652, stack(0x00000075c7400000,0x00000075c7500000)]
  0x000001ccd9242040 JavaThread "Worker-3" [_thread_blocked, id=18592, stack(0x00000075c7600000,0x00000075c7700000)]
  0x000001ccda8acce0 JavaThread "C2 CompilerThread1" daemon [_thread_in_native, id=19092, stack(0x00000075c7500000,0x00000075c7600000)]
  0x000001ccd9246210 JavaThread "Compiler Source File Reader" daemon [_thread_blocked, id=19068, stack(0x00000075c7700000,0x00000075c7800000)]
  0x000001ccd92443b0 JavaThread "Compiler Source File Reader" daemon [_thread_blocked, id=7920, stack(0x00000075c7800000,0x00000075c7900000)]
  0x000001ccd9246c30 JavaThread "Compiler Processing Task" daemon [_thread_blocked, id=19440, stack(0x00000075c7900000,0x00000075c7a00000)]
  0x000001ccd92448c0 JavaThread "Compiler Class File Writer" daemon [_thread_blocked, id=1288, stack(0x00000075c7a00000,0x00000075c7b00000)]
  0x000001ccd9247140 JavaThread "Compiler Class File Writer" daemon [_thread_blocked, id=18996, stack(0x00000075c7b00000,0x00000075c7c00000)]

Other Threads:
  0x000001ccd2e45f90 VMThread "VM Thread" [stack: 0x00000075c4f00000,0x00000075c5000000] [id=3932]
  0x000001ccd8292db0 WatcherThread [stack: 0x00000075c5b00000,0x00000075c5c00000] [id=15500]
  0x000001ccbd0d1cb0 GCTaskThread "GC Thread#0" [stack: 0x00000075c4e00000,0x00000075c4f00000] [id=8372]
  0x000001ccd871fbb0 GCTaskThread "GC Thread#1" [stack: 0x00000075c5c00000,0x00000075c5d00000] [id=16580]
  0x000001ccd86079a0 GCTaskThread "GC Thread#2" [stack: 0x00000075c5d00000,0x00000075c5e00000] [id=18100]
  0x000001ccd8607c60 GCTaskThread "GC Thread#3" [stack: 0x00000075c5e00000,0x00000075c5f00000] [id=16984]

Threads with active compile tasks:
C2 CompilerThread0    60013 7499       4       org.eclipse.jdt.internal.compiler.lookup.LookupEnvironment::getTypeFromTypeSignature (770 bytes)
C2 CompilerThread1    60014 7599       4       jdk.internal.org.objectweb.asm.Frame::execute (2318 bytes)

VM state: not at safepoint (normal execution)

VM Mutex/Monitor currently owned by a thread: None

Heap address: 0x00000000c0000000, size: 1024 MB, Compressed Oops mode: 32-bit

CDS archive(s) not mapped
Compressed class space mapped at: 0x0000000100000000-0x0000000140000000, reserved size: 1073741824
Narrow klass base: 0x0000000000000000, Narrow klass shift: 3, Narrow klass range: 0x140000000

GC Precious Log:
 CPUs: 4 total, 4 available
 Memory: 16285M
 Large Page Support: Disabled
 NUMA Support: Disabled
 Compressed Oops: Enabled (32-bit)
 Alignments: Space 512K, Generation 512K, Heap 2M
 Heap Min Capacity: 100M
 Heap Initial Capacity: 100M
 Heap Max Capacity: 1G
 Pre-touch: Disabled
 Parallel Workers: 4

Heap:
 PSYoungGen      total 18432K, used 11178K [0x00000000eab00000, 0x00000000ebf00000, 0x0000000100000000)
  eden space 16384K, 55% used [0x00000000eab00000,0x00000000eb3f4ee8,0x00000000ebb00000)
  from space 2048K, 97% used [0x00000000ebb00000,0x00000000ebcf5980,0x00000000ebd00000)
  to   space 2048K, 0% used [0x00000000ebd00000,0x00000000ebd00000,0x00000000ebf00000)
 ParOldGen       total 68608K, used 43821K [0x00000000c0000000, 0x00000000c4300000, 0x00000000eab00000)
  object space 68608K, 63% used [0x00000000c0000000,0x00000000c2acb728,0x00000000c4300000)
 Metaspace       used 52746K, committed 53632K, reserved 1114112K
  class space    used 5203K, committed 5632K, reserved 1048576K

Card table byte_map: [0x000001ccd0720000,0x000001ccd0930000] _byte_map_base: 0x000001ccd0120000

Marking Bits: (ParMarkBitMap*) 0x00007ffb9fbb6940
 Begin Bits: [0x000001ccd0a90000, 0x000001ccd1a90000)
 End Bits:   [0x000001ccd1a90000, 0x000001ccd2a90000)

Polling page: 0x000001ccbd180000

Metaspace:

Usage:
  Non-class:     46.43 MB used.
      Class:      5.08 MB used.
       Both:     51.51 MB used.

Virtual space:
  Non-class space:       64.00 MB reserved,      46.88 MB ( 73%) committed,  1 nodes.
      Class space:        1.00 GB reserved,       5.50 MB ( <1%) committed,  1 nodes.
             Both:        1.06 GB reserved,      52.38 MB (  5%) committed. 

Chunk freelists:
   Non-Class:  1.16 MB
       Class:  10.52 MB
        Both:  11.68 MB

MaxMetaspaceSize: unlimited
CompressedClassSpaceSize: 1.00 GB
Initial GC threshold: 21.00 MB
Current GC threshold: 58.38 MB
CDS: off
MetaspaceReclaimPolicy: balanced
 - commit_granule_bytes: 65536.
 - commit_granule_words: 8192.
 - virtual_space_node_default_size: 8388608.
 - enlarge_chunks_in_place: 1.
 - new_chunks_are_fully_committed: 0.
 - uncommit_free_chunks: 1.
 - use_allocation_guard: 0.
 - handle_deallocations: 1.


Internal statistics:

num_allocs_failed_limit: 6.
num_arena_births: 590.
num_arena_deaths: 14.
num_vsnodes_births: 2.
num_vsnodes_deaths: 0.
num_space_committed: 838.
num_space_uncommitted: 0.
num_chunks_returned_to_freelist: 20.
num_chunks_taken_from_freelist: 2518.
num_chunk_merges: 11.
num_chunk_splits: 1588.
num_chunks_enlarged: 961.
num_inconsistent_stats: 0.

CodeHeap 'non-profiled nmethods': size=120000Kb used=4225Kb max_used=4635Kb free=115774Kb
 bounds [0x000001ccc9010000, 0x000001ccc94a0000, 0x000001ccd0540000]
CodeHeap 'profiled nmethods': size=120000Kb used=15293Kb max_used=15932Kb free=104706Kb
 bounds [0x000001ccc1540000, 0x000001ccc24e0000, 0x000001ccc8a70000]
CodeHeap 'non-nmethods': size=5760Kb used=1350Kb max_used=1491Kb free=4409Kb
 bounds [0x000001ccc8a70000, 0x000001ccc8ce0000, 0x000001ccc9010000]
 total_blobs=7351 nmethods=6654 adapters=608
 compilation: enabled
              stopped_count=0, restarted_count=0
 full_count=0

Compilation events (20 events):
Event: 59.816 Thread 0x000001ccd2eadfc0 7596       1       org.eclipse.core.runtime.preferences.DefaultScope::getName (3 bytes)
Event: 59.816 Thread 0x000001ccd2eadfc0 nmethod 7596 0x000001ccc9356610 code [0x000001ccc93567a0, 0x000001ccc9356878]
Event: 59.816 Thread 0x000001ccd2eadfc0 7597       3       java.util.TreeSet::iterator (15 bytes)
Event: 59.816 Thread 0x000001ccd2eadfc0 nmethod 7597 0x000001ccc1a5f490 code [0x000001ccc1a5f640, 0x000001ccc1a5f8d8]
Event: 59.816 Thread 0x000001ccda8acce0 nmethod 7595 0x000001ccc9356310 code [0x000001ccc9356480, 0x000001ccc9356518]
Event: 59.817 Thread 0x000001ccda8acce0 7599       4       jdk.internal.org.objectweb.asm.Frame::execute (2318 bytes)
Event: 59.818 Thread 0x000001ccd2eadfc0 7601       3       org.eclipse.core.internal.dtree.AbstractDataTreeNode::compareWith (364 bytes)
Event: 59.820 Thread 0x000001ccd2eadfc0 nmethod 7601 0x000001ccc2078410 code [0x000001ccc2078780, 0x000001ccc207a608]
Event: 59.820 Thread 0x000001ccd2eadfc0 7600       3       org.eclipse.core.internal.dtree.DataTreeNode::compareWith (74 bytes)
Event: 59.820 Thread 0x000001ccd2eadfc0 nmethod 7600 0x000001ccc1bce790 code [0x000001ccc1bce980, 0x000001ccc1bcee68]
Event: 59.820 Thread 0x000001ccd2eadfc0 7602       3       org.eclipse.jdt.internal.core.builder.ClasspathJrt$$Lambda$350/0x00000001005314e8::apply (8 bytes)
Event: 59.820 Thread 0x000001ccd2eadfc0 nmethod 7602 0x000001ccc1a80810 code [0x000001ccc1a809c0, 0x000001ccc1a80c18]
Event: 59.820 Thread 0x000001ccd2eadfc0 7603       3       org.eclipse.jdt.internal.core.builder.ClasspathJrt::lambda$1 (2 bytes)
Event: 59.820 Thread 0x000001ccd2eadfc0 nmethod 7603 0x000001ccc160ac90 code [0x000001ccc160ae20, 0x000001ccc160af18]
Event: 59.821 Thread 0x000001ccd2eadfc0 7606       3       java.nio.HeapByteBuffer::<init> (21 bytes)
Event: 59.821 Thread 0x000001ccd2eadfc0 nmethod 7606 0x000001ccc1f29890 code [0x000001ccc1f29a40, 0x000001ccc1f29c68]
Event: 59.829 Thread 0x000001ccd2eadfc0 7607       3       sun.nio.fs.WindowsPath::isEmpty (8 bytes)
Event: 59.829 Thread 0x000001ccd2eadfc0 nmethod 7607 0x000001ccc1fbb510 code [0x000001ccc1fbb6c0, 0x000001ccc1fbb898]
Event: 59.831 Thread 0x000001ccd2eadfc0 7608       1       org.eclipse.core.internal.events.ResourceChangeEvent::getType (5 bytes)
Event: 59.831 Thread 0x000001ccd2eadfc0 nmethod 7608 0x000001ccc9129690 code [0x000001ccc9129820, 0x000001ccc91298f8]

GC Heap History (20 events):
Event: 51.080 GC heap before
{Heap before GC invocations=22 (full 2):
 PSYoungGen      total 19456K, used 19423K [0x00000000eab00000, 0x00000000ec300000, 0x0000000100000000)
  eden space 17920K, 100% used [0x00000000eab00000,0x00000000ebc80000,0x00000000ebc80000)
  from space 1536K, 97% used [0x00000000ebc80000,0x00000000ebdf7d10,0x00000000ebe00000)
  to   space 3072K, 0% used [0x00000000ec000000,0x00000000ec000000,0x00000000ec300000)
 ParOldGen       total 68608K, used 31834K [0x00000000c0000000, 0x00000000c4300000, 0x00000000eab00000)
  object space 68608K, 46% used [0x00000000c0000000,0x00000000c1f169a8,0x00000000c4300000)
 Metaspace       used 44773K, committed 45632K, reserved 1114112K
  class space    used 4536K, committed 4928K, reserved 1048576K
}
Event: 51.082 GC heap after
{Heap after GC invocations=22 (full 2):
 PSYoungGen      total 18944K, used 839K [0x00000000eab00000, 0x00000000ec100000, 0x0000000100000000)
  eden space 17920K, 0% used [0x00000000eab00000,0x00000000eab00000,0x00000000ebc80000)
  from space 1024K, 81% used [0x00000000ec000000,0x00000000ec0d1dd0,0x00000000ec100000)
  to   space 1536K, 0% used [0x00000000ebe00000,0x00000000ebe00000,0x00000000ebf80000)
 ParOldGen       total 68608K, used 32333K [0x00000000c0000000, 0x00000000c4300000, 0x00000000eab00000)
  object space 68608K, 47% used [0x00000000c0000000,0x00000000c1f936b8,0x00000000c4300000)
 Metaspace       used 44773K, committed 45632K, reserved 1114112K
  class space    used 4536K, committed 4928K, reserved 1048576K
}
Event: 52.148 GC heap before
{Heap before GC invocations=23 (full 2):
 PSYoungGen      total 18944K, used 18759K [0x00000000eab00000, 0x00000000ec100000, 0x0000000100000000)
  eden space 17920K, 100% used [0x00000000eab00000,0x00000000ebc80000,0x00000000ebc80000)
  from space 1024K, 81% used [0x00000000ec000000,0x00000000ec0d1dd0,0x00000000ec100000)
  to   space 1536K, 0% used [0x00000000ebe00000,0x00000000ebe00000,0x00000000ebf80000)
 ParOldGen       total 68608K, used 32333K [0x00000000c0000000, 0x00000000c4300000, 0x00000000eab00000)
  object space 68608K, 47% used [0x00000000c0000000,0x00000000c1f936b8,0x00000000c4300000)
 Metaspace       used 46960K, committed 47808K, reserved 1114112K
  class space    used 4742K, committed 5120K, reserved 1048576K
}
Event: 52.150 GC heap after
{Heap after GC invocations=23 (full 2):
 PSYoungGen      total 19456K, used 608K [0x00000000eab00000, 0x00000000ec080000, 0x0000000100000000)
  eden space 17920K, 0% used [0x00000000eab00000,0x00000000eab00000,0x00000000ebc80000)
  from space 1536K, 39% used [0x00000000ebe00000,0x00000000ebe98000,0x00000000ebf80000)
  to   space 1024K, 0% used [0x00000000ebf80000,0x00000000ebf80000,0x00000000ec080000)
 ParOldGen       total 68608K, used 32349K [0x00000000c0000000, 0x00000000c4300000, 0x00000000eab00000)
  object space 68608K, 47% used [0x00000000c0000000,0x00000000c1f976b8,0x00000000c4300000)
 Metaspace       used 46960K, committed 47808K, reserved 1114112K
  class space    used 4742K, committed 5120K, reserved 1048576K
}
Event: 53.050 GC heap before
{Heap before GC invocations=24 (full 2):
 PSYoungGen      total 19456K, used 18528K [0x00000000eab00000, 0x00000000ec080000, 0x0000000100000000)
  eden space 17920K, 100% used [0x00000000eab00000,0x00000000ebc80000,0x00000000ebc80000)
  from space 1536K, 39% used [0x00000000ebe00000,0x00000000ebe98000,0x00000000ebf80000)
  to   space 1024K, 0% used [0x00000000ebf80000,0x00000000ebf80000,0x00000000ec080000)
 ParOldGen       total 68608K, used 32349K [0x00000000c0000000, 0x00000000c4300000, 0x00000000eab00000)
  object space 68608K, 47% used [0x00000000c0000000,0x00000000c1f976b8,0x00000000c4300000)
 Metaspace       used 48317K, committed 49152K, reserved 1114112K
  class space    used 4895K, committed 5312K, reserved 1048576K
}
Event: 53.053 GC heap after
{Heap after GC invocations=24 (full 2):
 PSYoungGen      total 18944K, used 1017K [0x00000000eab00000, 0x00000000ec180000, 0x0000000100000000)
  eden space 17920K, 0% used [0x00000000eab00000,0x00000000eab00000,0x00000000ebc80000)
  from space 1024K, 99% used [0x00000000ebf80000,0x00000000ec07e470,0x00000000ec080000)
  to   space 2560K, 0% used [0x00000000ebc80000,0x00000000ebc80000,0x00000000ebf00000)
 ParOldGen       total 68608K, used 33516K [0x00000000c0000000, 0x00000000c4300000, 0x00000000eab00000)
  object space 68608K, 48% used [0x00000000c0000000,0x00000000c20bb0e8,0x00000000c4300000)
 Metaspace       used 48317K, committed 49152K, reserved 1114112K
  class space    used 4895K, committed 5312K, reserved 1048576K
}
Event: 53.734 GC heap before
{Heap before GC invocations=25 (full 2):
 PSYoungGen      total 18944K, used 18937K [0x00000000eab00000, 0x00000000ec180000, 0x0000000100000000)
  eden space 17920K, 100% used [0x00000000eab00000,0x00000000ebc80000,0x00000000ebc80000)
  from space 1024K, 99% used [0x00000000ebf80000,0x00000000ec07e470,0x00000000ec080000)
  to   space 2560K, 0% used [0x00000000ebc80000,0x00000000ebc80000,0x00000000ebf00000)
 ParOldGen       total 68608K, used 33516K [0x00000000c0000000, 0x00000000c4300000, 0x00000000eab00000)
  object space 68608K, 48% used [0x00000000c0000000,0x00000000c20bb0e8,0x00000000c4300000)
 Metaspace       used 49421K, committed 50304K, reserved 1114112K
  class space    used 5012K, committed 5440K, reserved 1048576K
}
Event: 53.738 GC heap after
{Heap after GC invocations=25 (full 2):
 PSYoungGen      total 20480K, used 2517K [0x00000000eab00000, 0x00000000ec280000, 0x0000000100000000)
  eden space 17920K, 0% used [0x00000000eab00000,0x00000000eab00000,0x00000000ebc80000)
  from space 2560K, 98% used [0x00000000ebc80000,0x00000000ebef5458,0x00000000ebf00000)
  to   space 3072K, 0% used [0x00000000ebf80000,0x00000000ebf80000,0x00000000ec280000)
 ParOldGen       total 68608K, used 34338K [0x00000000c0000000, 0x00000000c4300000, 0x00000000eab00000)
  object space 68608K, 50% used [0x00000000c0000000,0x00000000c2188b50,0x00000000c4300000)
 Metaspace       used 49421K, committed 50304K, reserved 1114112K
  class space    used 5012K, committed 5440K, reserved 1048576K
}
Event: 54.367 GC heap before
{Heap before GC invocations=26 (full 2):
 PSYoungGen      total 20480K, used 20437K [0x00000000eab00000, 0x00000000ec280000, 0x0000000100000000)
  eden space 17920K, 100% used [0x00000000eab00000,0x00000000ebc80000,0x00000000ebc80000)
  from space 2560K, 98% used [0x00000000ebc80000,0x00000000ebef5458,0x00000000ebf00000)
  to   space 3072K, 0% used [0x00000000ebf80000,0x00000000ebf80000,0x00000000ec280000)
 ParOldGen       total 68608K, used 34338K [0x00000000c0000000, 0x00000000c4300000, 0x00000000eab00000)
  object space 68608K, 50% used [0x00000000c0000000,0x00000000c2188b50,0x00000000c4300000)
 Metaspace       used 49747K, committed 50624K, reserved 1114112K
  class space    used 5038K, committed 5440K, reserved 1048576K
}
Event: 54.370 GC heap after
{Heap after GC invocations=26 (full 2):
 PSYoungGen      total 19456K, used 1088K [0x00000000eab00000, 0x00000000ec100000, 0x0000000100000000)
  eden space 17920K, 0% used [0x00000000eab00000,0x00000000eab00000,0x00000000ebc80000)
  from space 1536K, 70% used [0x00000000ebf80000,0x00000000ec090000,0x00000000ec100000)
  to   space 2048K, 0% used [0x00000000ebd00000,0x00000000ebd00000,0x00000000ebf00000)
 ParOldGen       total 68608K, used 36504K [0x00000000c0000000, 0x00000000c4300000, 0x00000000eab00000)
  object space 68608K, 53% used [0x00000000c0000000,0x00000000c23a61f8,0x00000000c4300000)
 Metaspace       used 49747K, committed 50624K, reserved 1114112K
  class space    used 5038K, committed 5440K, reserved 1048576K
}
Event: 54.553 GC heap before
{Heap before GC invocations=27 (full 2):
 PSYoungGen      total 19456K, used 19008K [0x00000000eab00000, 0x00000000ec100000, 0x0000000100000000)
  eden space 17920K, 100% used [0x00000000eab00000,0x00000000ebc80000,0x00000000ebc80000)
  from space 1536K, 70% used [0x00000000ebf80000,0x00000000ec090000,0x00000000ec100000)
  to   space 2048K, 0% used [0x00000000ebd00000,0x00000000ebd00000,0x00000000ebf00000)
 ParOldGen       total 68608K, used 36504K [0x00000000c0000000, 0x00000000c4300000, 0x00000000eab00000)
  object space 68608K, 53% used [0x00000000c0000000,0x00000000c23a61f8,0x00000000c4300000)
 Metaspace       used 49881K, committed 50816K, reserved 1114112K
  class space    used 5048K, committed 5504K, reserved 1048576K
}
Event: 54.556 GC heap after
{Heap after GC invocations=27 (full 2):
 PSYoungGen      total 19456K, used 1088K [0x00000000eab00000, 0x00000000ec000000, 0x0000000100000000)
  eden space 17920K, 0% used [0x00000000eab00000,0x00000000eab00000,0x00000000ebc80000)
  from space 1536K, 70% used [0x00000000ebd00000,0x00000000ebe10020,0x00000000ebe80000)
  to   space 1536K, 0% used [0x00000000ebe80000,0x00000000ebe80000,0x00000000ec000000)
 ParOldGen       total 68608K, used 37360K [0x00000000c0000000, 0x00000000c4300000, 0x00000000eab00000)
  object space 68608K, 54% used [0x00000000c0000000,0x00000000c247c268,0x00000000c4300000)
 Metaspace       used 49881K, committed 50816K, reserved 1114112K
  class space    used 5048K, committed 5504K, reserved 1048576K
}
Event: 55.241 GC heap before
{Heap before GC invocations=28 (full 2):
 PSYoungGen      total 19456K, used 19008K [0x00000000eab00000, 0x00000000ec000000, 0x0000000100000000)
  eden space 17920K, 100% used [0x00000000eab00000,0x00000000ebc80000,0x00000000ebc80000)
  from space 1536K, 70% used [0x00000000ebd00000,0x00000000ebe10020,0x00000000ebe80000)
  to   space 1536K, 0% used [0x00000000ebe80000,0x00000000ebe80000,0x00000000ec000000)
 ParOldGen       total 68608K, used 37360K [0x00000000c0000000, 0x00000000c4300000, 0x00000000eab00000)
  object space 68608K, 54% used [0x00000000c0000000,0x00000000c247c268,0x00000000c4300000)
 Metaspace       used 50410K, committed 51328K, reserved 1114112K
  class space    used 5080K, committed 5504K, reserved 1048576K
}
Event: 55.248 GC heap after
{Heap after GC invocations=28 (full 2):
 PSYoungGen      total 17920K, used 1518K [0x00000000eab00000, 0x00000000ec380000, 0x0000000100000000)
  eden space 16384K, 0% used [0x00000000eab00000,0x00000000eab00000,0x00000000ebb00000)
  from space 1536K, 98% used [0x00000000ebe80000,0x00000000ebffba40,0x00000000ec000000)
  to   space 3584K, 0% used [0x00000000ebb00000,0x00000000ebb00000,0x00000000ebe80000)
 ParOldGen       total 68608K, used 38753K [0x00000000c0000000, 0x00000000c4300000, 0x00000000eab00000)
  object space 68608K, 56% used [0x00000000c0000000,0x00000000c25d8788,0x00000000c4300000)
 Metaspace       used 50410K, committed 51328K, reserved 1114112K
  class space    used 5080K, committed 5504K, reserved 1048576K
}
Event: 56.518 GC heap before
{Heap before GC invocations=29 (full 2):
 PSYoungGen      total 17920K, used 17902K [0x00000000eab00000, 0x00000000ec380000, 0x0000000100000000)
  eden space 16384K, 100% used [0x00000000eab00000,0x00000000ebb00000,0x00000000ebb00000)
  from space 1536K, 98% used [0x00000000ebe80000,0x00000000ebffba40,0x00000000ec000000)
  to   space 3584K, 0% used [0x00000000ebb00000,0x00000000ebb00000,0x00000000ebe80000)
 ParOldGen       total 68608K, used 38753K [0x00000000c0000000, 0x00000000c4300000, 0x00000000eab00000)
  object space 68608K, 56% used [0x00000000c0000000,0x00000000c25d8788,0x00000000c4300000)
 Metaspace       used 51355K, committed 52224K, reserved 1114112K
  class space    used 5157K, committed 5568K, reserved 1048576K
}
Event: 56.522 GC heap after
{Heap after GC invocations=29 (full 2):
 PSYoungGen      total 18432K, used 1934K [0x00000000eab00000, 0x00000000ec000000, 0x0000000100000000)
  eden space 16384K, 0% used [0x00000000eab00000,0x00000000eab00000,0x00000000ebb00000)
  from space 2048K, 94% used [0x00000000ebb00000,0x00000000ebce3908,0x00000000ebd00000)
  to   space 2560K, 0% used [0x00000000ebd80000,0x00000000ebd80000,0x00000000ec000000)
 ParOldGen       total 68608K, used 40275K [0x00000000c0000000, 0x00000000c4300000, 0x00000000eab00000)
  object space 68608K, 58% used [0x00000000c0000000,0x00000000c2754c30,0x00000000c4300000)
 Metaspace       used 51355K, committed 52224K, reserved 1114112K
  class space    used 5157K, committed 5568K, reserved 1048576K
}
Event: 57.587 GC heap before
{Heap before GC invocations=30 (full 2):
 PSYoungGen      total 18432K, used 18318K [0x00000000eab00000, 0x00000000ec000000, 0x0000000100000000)
  eden space 16384K, 100% used [0x00000000eab00000,0x00000000ebb00000,0x00000000ebb00000)
  from space 2048K, 94% used [0x00000000ebb00000,0x00000000ebce3908,0x00000000ebd00000)
  to   space 2560K, 0% used [0x00000000ebd80000,0x00000000ebd80000,0x00000000ec000000)
 ParOldGen       total 68608K, used 40275K [0x00000000c0000000, 0x00000000c4300000, 0x00000000eab00000)
  object space 68608K, 58% used [0x00000000c0000000,0x00000000c2754c30,0x00000000c4300000)
 Metaspace       used 51930K, committed 52864K, reserved 1114112K
  class space    used 5168K, committed 5632K, reserved 1048576K
}
Event: 57.593 GC heap after
{Heap after GC invocations=30 (full 2):
 PSYoungGen      total 18432K, used 1856K [0x00000000eab00000, 0x00000000ebf80000, 0x0000000100000000)
  eden space 16384K, 0% used [0x00000000eab00000,0x00000000eab00000,0x00000000ebb00000)
  from space 2048K, 90% used [0x00000000ebd80000,0x00000000ebf50000,0x00000000ebf80000)
  to   space 2048K, 0% used [0x00000000ebb00000,0x00000000ebb00000,0x00000000ebd00000)
 ParOldGen       total 68608K, used 42056K [0x00000000c0000000, 0x00000000c4300000, 0x00000000eab00000)
  object space 68608K, 61% used [0x00000000c0000000,0x00000000c2912320,0x00000000c4300000)
 Metaspace       used 51930K, committed 52864K, reserved 1114112K
  class space    used 5168K, committed 5632K, reserved 1048576K
}
Event: 58.938 GC heap before
{Heap before GC invocations=31 (full 2):
 PSYoungGen      total 18432K, used 18240K [0x00000000eab00000, 0x00000000ebf80000, 0x0000000100000000)
  eden space 16384K, 100% used [0x00000000eab00000,0x00000000ebb00000,0x00000000ebb00000)
  from space 2048K, 90% used [0x00000000ebd80000,0x00000000ebf50000,0x00000000ebf80000)
  to   space 2048K, 0% used [0x00000000ebb00000,0x00000000ebb00000,0x00000000ebd00000)
 ParOldGen       total 68608K, used 42056K [0x00000000c0000000, 0x00000000c4300000, 0x00000000eab00000)
  object space 68608K, 61% used [0x00000000c0000000,0x00000000c2912320,0x00000000c4300000)
 Metaspace       used 52377K, committed 53248K, reserved 1114112K
  class space    used 5180K, committed 5632K, reserved 1048576K
}
Event: 58.942 GC heap after
{Heap after GC invocations=31 (full 2):
 PSYoungGen      total 18432K, used 2006K [0x00000000eab00000, 0x00000000ebf00000, 0x0000000100000000)
  eden space 16384K, 0% used [0x00000000eab00000,0x00000000eab00000,0x00000000ebb00000)
  from space 2048K, 97% used [0x00000000ebb00000,0x00000000ebcf5980,0x00000000ebd00000)
  to   space 2048K, 0% used [0x00000000ebd00000,0x00000000ebd00000,0x00000000ebf00000)
 ParOldGen       total 68608K, used 43821K [0x00000000c0000000, 0x00000000c4300000, 0x00000000eab00000)
  object space 68608K, 63% used [0x00000000c0000000,0x00000000c2acb728,0x00000000c4300000)
 Metaspace       used 52377K, committed 53248K, reserved 1114112K
  class space    used 5180K, committed 5632K, reserved 1048576K
}

Dll operation events (12 events):
Event: 0.101 Loaded shared library c:\Users\admin\.cursor\extensions\redhat.java-1.38.0-win32-x64\jre\17.0.13-win32-x86_64\bin\java.dll
Event: 0.921 Loaded shared library c:\Users\admin\.cursor\extensions\redhat.java-1.38.0-win32-x64\jre\17.0.13-win32-x86_64\bin\zip.dll
Event: 0.927 Loaded shared library C:\Users\admin\.cursor\extensions\redhat.java-1.38.0-win32-x64\jre\17.0.13-win32-x86_64\bin\instrument.dll
Event: 0.951 Loaded shared library C:\Users\admin\.cursor\extensions\redhat.java-1.38.0-win32-x64\jre\17.0.13-win32-x86_64\bin\net.dll
Event: 0.956 Loaded shared library C:\Users\admin\.cursor\extensions\redhat.java-1.38.0-win32-x64\jre\17.0.13-win32-x86_64\bin\nio.dll
Event: 1.053 Loaded shared library C:\Users\admin\.cursor\extensions\redhat.java-1.38.0-win32-x64\jre\17.0.13-win32-x86_64\bin\zip.dll
Event: 1.083 Loaded shared library C:\Users\admin\.cursor\extensions\redhat.java-1.38.0-win32-x64\jre\17.0.13-win32-x86_64\bin\jimage.dll
Event: 1.332 Loaded shared library c:\Users\admin\.cursor\extensions\redhat.java-1.38.0-win32-x64\jre\17.0.13-win32-x86_64\bin\verify.dll
Event: 25.715 Loaded shared library C:\Users\admin\AppData\Roaming\Cursor\User\globalStorage\redhat.java\1.38.0\config_ss_win\org.eclipse.equinox.launcher\org.eclipse.equinox.launcher.win32.win32.x86_64_1.2.1100.v20240722-2106\eclipse_11904.dll
Event: 27.897 Loaded shared library C:\Users\admin\.cursor\extensions\redhat.java-1.38.0-win32-x64\jre\17.0.13-win32-x86_64\bin\management.dll
Event: 27.901 Loaded shared library C:\Users\admin\.cursor\extensions\redhat.java-1.38.0-win32-x64\jre\17.0.13-win32-x86_64\bin\management_ext.dll
Event: 38.648 Loaded shared library C:\Users\admin\AppData\Local\Temp\jna-92668751\jna10108499416505837244.dll

Deoptimization events (20 events):
Event: 59.208 Thread 0x000001ccd9246c30 DEOPT PACKING pc=0x000001ccc9428768 sp=0x00000075c79ff040
Event: 59.208 Thread 0x000001ccd9246c30 DEOPT UNPACKING pc=0x000001ccc8ac66a3 sp=0x00000075c79fefd0 mode 2
Event: 59.549 Thread 0x000001ccd9246c30 DEOPT PACKING pc=0x000001ccc2396483 sp=0x00000075c79fefc0
Event: 59.549 Thread 0x000001ccd9246c30 DEOPT UNPACKING pc=0x000001ccc8ac6e43 sp=0x00000075c79fe458 mode 0
Event: 59.573 Thread 0x000001ccd837a380 Uncommon trap: trap_request=0xffffffde fr.pc=0x000001ccc935110c relative=0x00000000000006cc
Event: 59.573 Thread 0x000001ccd837a380 Uncommon trap: reason=class_check action=maybe_recompile pc=0x000001ccc935110c method=org.eclipse.core.internal.dtree.DeltaDataTree.getData(Lorg/eclipse/core/runtime/IPath;)Ljava/lang/Object; @ 20 c2
Event: 59.573 Thread 0x000001ccd837a380 DEOPT PACKING pc=0x000001ccc935110c sp=0x00000075c6efed00
Event: 59.573 Thread 0x000001ccd837a380 DEOPT UNPACKING pc=0x000001ccc8ac66a3 sp=0x00000075c6efecb8 mode 2
Event: 59.573 Thread 0x000001ccd837a380 Uncommon trap: trap_request=0xffffffde fr.pc=0x000001ccc935110c relative=0x00000000000006cc
Event: 59.573 Thread 0x000001ccd837a380 Uncommon trap: reason=class_check action=maybe_recompile pc=0x000001ccc935110c method=org.eclipse.core.internal.dtree.DeltaDataTree.getData(Lorg/eclipse/core/runtime/IPath;)Ljava/lang/Object; @ 20 c2
Event: 59.573 Thread 0x000001ccd837a380 DEOPT PACKING pc=0x000001ccc935110c sp=0x00000075c6efed00
Event: 59.573 Thread 0x000001ccd837a380 DEOPT UNPACKING pc=0x000001ccc8ac66a3 sp=0x00000075c6efecb8 mode 2
Event: 59.573 Thread 0x000001ccd837a380 Uncommon trap: trap_request=0xffffffde fr.pc=0x000001ccc935110c relative=0x00000000000006cc
Event: 59.573 Thread 0x000001ccd837a380 Uncommon trap: reason=class_check action=maybe_recompile pc=0x000001ccc935110c method=org.eclipse.core.internal.dtree.DeltaDataTree.getData(Lorg/eclipse/core/runtime/IPath;)Ljava/lang/Object; @ 20 c2
Event: 59.573 Thread 0x000001ccd837a380 DEOPT PACKING pc=0x000001ccc935110c sp=0x00000075c6efed00
Event: 59.573 Thread 0x000001ccd837a380 DEOPT UNPACKING pc=0x000001ccc8ac66a3 sp=0x00000075c6efecb8 mode 2
Event: 59.831 Thread 0x000001ccd9242040 Uncommon trap: trap_request=0xffffffde fr.pc=0x000001ccc935110c relative=0x00000000000006cc
Event: 59.831 Thread 0x000001ccd9242040 Uncommon trap: reason=class_check action=maybe_recompile pc=0x000001ccc935110c method=org.eclipse.core.internal.dtree.DeltaDataTree.getData(Lorg/eclipse/core/runtime/IPath;)Ljava/lang/Object; @ 20 c2
Event: 59.831 Thread 0x000001ccd9242040 DEOPT PACKING pc=0x000001ccc935110c sp=0x00000075c76feee0
Event: 59.831 Thread 0x000001ccd9242040 DEOPT UNPACKING pc=0x000001ccc8ac66a3 sp=0x00000075c76fee98 mode 2

Classes loaded (20 events):
Event: 53.889 Loading class java/util/Formatter$DateTime
Event: 53.889 Loading class java/util/Formatter$DateTime done
Event: 53.890 Loading class java/time/ZonedDateTime$1
Event: 53.890 Loading class java/time/ZonedDateTime$1 done
Event: 53.890 Loading class java/time/LocalDate$1
Event: 53.890 Loading class java/time/LocalDate$1 done
Event: 53.893 Loading class java/util/concurrent/CompletionException
Event: 53.897 Loading class java/util/concurrent/CompletionException done
Event: 54.930 Loading class java/nio/file/Files$2
Event: 54.930 Loading class java/nio/file/Files$2 done
Event: 55.269 Loading class java/util/concurrent/ArrayBlockingQueue
Event: 55.270 Loading class java/util/concurrent/ArrayBlockingQueue done
Event: 55.908 Loading class java/util/concurrent/ConcurrentHashMap$KeySpliterator
Event: 55.908 Loading class java/util/concurrent/ConcurrentHashMap$KeySpliterator done
Event: 57.842 Loading class java/util/function/BiPredicate
Event: 57.842 Loading class java/util/function/BiPredicate done
Event: 59.596 Loading class java/lang/Throwable$WrappedPrintWriter
Event: 59.596 Loading class java/lang/Throwable$PrintStreamOrWriter
Event: 59.597 Loading class java/lang/Throwable$PrintStreamOrWriter done
Event: 59.597 Loading class java/lang/Throwable$WrappedPrintWriter done

Classes unloaded (7 events):
Event: 28.254 Thread 0x000001ccd2e45f90 Unloading class 0x0000000100218400 'java/lang/invoke/LambdaForm$MH+0x0000000100218400'
Event: 28.254 Thread 0x000001ccd2e45f90 Unloading class 0x0000000100218000 'java/lang/invoke/LambdaForm$MH+0x0000000100218000'
Event: 28.254 Thread 0x000001ccd2e45f90 Unloading class 0x0000000100217c00 'java/lang/invoke/LambdaForm$MH+0x0000000100217c00'
Event: 28.254 Thread 0x000001ccd2e45f90 Unloading class 0x0000000100217800 'java/lang/invoke/LambdaForm$MH+0x0000000100217800'
Event: 28.254 Thread 0x000001ccd2e45f90 Unloading class 0x0000000100217400 'java/lang/invoke/LambdaForm$BMH+0x0000000100217400'
Event: 28.254 Thread 0x000001ccd2e45f90 Unloading class 0x0000000100217000 'java/lang/invoke/LambdaForm$DMH+0x0000000100217000'
Event: 28.254 Thread 0x000001ccd2e45f90 Unloading class 0x0000000100214400 'java/lang/invoke/LambdaForm$DMH+0x0000000100214400'

Classes redefined (0 events):
No events

Internal exceptions (20 events):
Event: 53.190 Thread 0x000001ccd9245d00 Exception <a 'java/lang/NoSuchMethodError'{0x00000000eb0a56a8}: 'int java.lang.invoke.DirectMethodHandle$Holder.invokeSpecialIFC(java.lang.Object, java.lang.Object, java.lang.Object)'> (0x00000000eb0a56a8) 
thrown [s\src\hotspot\share\interpreter\linkResolver.cpp, line 759]
Event: 53.190 Thread 0x000001ccd9248070 Exception <a 'java/lang/NoSuchMethodError'{0x00000000eb0800f8}: 'int java.lang.invoke.DirectMethodHandle$Holder.invokeSpecialIFC(java.lang.Object, java.lang.Object, java.lang.Object)'> (0x00000000eb0800f8) 
thrown [s\src\hotspot\share\interpreter\linkResolver.cpp, line 759]
Event: 53.191 Thread 0x000001ccd9243480 Exception <a 'java/lang/NoSuchMethodError'{0x00000000eb0c9da8}: 'int java.lang.invoke.DirectMethodHandle$Holder.invokeSpecialIFC(java.lang.Object, java.lang.Object, java.lang.Object)'> (0x00000000eb0c9da8) 
thrown [s\src\hotspot\share\interpreter\linkResolver.cpp, line 759]
Event: 53.243 Thread 0x000001ccd9245d00 Implicit null exception at 0x000001ccc9328688 to 0x000001ccc932a6cc
Event: 53.245 Thread 0x000001ccd9243480 Implicit null exception at 0x000001ccc9328688 to 0x000001ccc932a6cc
Event: 53.249 Thread 0x000001ccd9245d00 Implicit null exception at 0x000001ccc932f0a4 to 0x000001ccc933044c
Event: 53.279 Thread 0x000001ccd9243480 Implicit null exception at 0x000001ccc9334b23 to 0x000001ccc93362f4
Event: 53.313 Thread 0x000001ccd9243480 Exception <a 'java/lang/LinkageError'{0x00000000eb4a0030}: loader lombok.launch.ShadowClassLoader @14693480 attempted duplicate class definition for lombok.launch.PatchFixesHider$Delegate. (lombok.launch.PatchFixesHider$Delegate is in unnamed module of loader lombok.launch.ShadowClassLoader @14693480, parent loader org.eclipse.osgi.internal.loader.EquinoxClassLoader @4963df69)> (0x00000000eb4a0030) 
thrown [s\src\hotspot\share\classfile\systemDictionary.cpp, line 1723]
Event: 53.889 Thread 0x000001ccd9243ea0 Exception <a 'java/lang/ClassNotFoundException'{0x00000000eb8bd5d0}: sun/util/logging/resources/spi/loggingProvider> (0x00000000eb8bd5d0) 
thrown [s\src\hotspot\share\classfile\systemDictionary.cpp, line 256]
Event: 54.771 Thread 0x000001ccd9243480 Exception <a 'java/lang/LinkageError'{0x00000000eb5fe418}: loader lombok.launch.ShadowClassLoader @14693480 attempted duplicate class definition for lombok.launch.PatchFixesHider$Val. (lombok.launch.PatchFixesHider$Val is in unnamed module of loader lombok.launch.ShadowClassLoader @14693480, parent loader org.eclipse.osgi.internal.loader.EquinoxClassLoader @4963df69)> (0x00000000eb5fe418) 
thrown [s\src\hotspot\share\classfile\systemDictionary.cpp, line 1723]
Event: 54.771 Thread 0x000001ccd9248070 Exception <a 'java/lang/LinkageError'{0x00000000eb65aef8}: loader lombok.launch.ShadowClassLoader @14693480 attempted duplicate class definition for lombok.launch.PatchFixesHider$Val. (lombok.launch.PatchFixesHider$Val is in unnamed module of loader lombok.launch.ShadowClassLoader @14693480, parent loader org.eclipse.osgi.internal.loader.EquinoxClassLoader @4963df69)> (0x00000000eb65aef8) 
thrown [s\src\hotspot\share\classfile\systemDictionary.cpp, line 1723]
Event: 55.838 Thread 0x000001ccd9246c30 Exception <a 'java/lang/NoSuchMethodError'{0x00000000eb326eb0}: 'int java.lang.invoke.DirectMethodHandle$Holder.invokeStatic(java.lang.Object, int, java.lang.Object)'> (0x00000000eb326eb0) 
thrown [s\src\hotspot\share\interpreter\linkResolver.cpp, line 759]
Event: 55.913 Thread 0x000001ccd837a380 Exception <a 'java/lang/NoSuchMethodError'{0x00000000eb4a1380}: 'java.lang.Object java.lang.invoke.DirectMethodHandle$Holder.newInvokeSpecial(java.lang.Object, java.lang.Object, int, int, java.lang.Object)'> (0x00000000eb4a1380) 
thrown [s\src\hotspot\share\interpreter\linkResolver.cpp, line 759]
Event: 59.570 Thread 0x000001ccd837a380 Exception <a 'sun/nio/fs/WindowsException'{0x00000000eb084530}> (0x00000000eb084530) 
thrown [s\src\hotspot\share\prims\jni.cpp, line 516]
Event: 59.570 Thread 0x000001ccd837a380 Exception <a 'sun/nio/fs/WindowsException'{0x00000000eb084b68}> (0x00000000eb084b68) 
thrown [s\src\hotspot\share\prims\jni.cpp, line 516]
Event: 59.582 Thread 0x000001ccd9243480 Exception <a 'sun/nio/fs/WindowsException'{0x00000000eb114220}> (0x00000000eb114220) 
thrown [s\src\hotspot\share\prims\jni.cpp, line 516]
Event: 59.589 Thread 0x000001ccd9243480 Exception <a 'sun/nio/fs/WindowsException'{0x00000000eb13a290}> (0x00000000eb13a290) 
thrown [s\src\hotspot\share\prims\jni.cpp, line 516]
Event: 59.817 Thread 0x000001ccd9242040 Exception <a 'java/lang/NoSuchMethodError'{0x00000000eb204f48}: 'java.lang.Object java.lang.invoke.DirectMethodHandle$Holder.newInvokeSpecial(java.lang.Object, java.lang.Object, java.lang.Object, java.lang.Object, java.lang.Object, java.lang.Object)'> (0x00000000eb204f48) 
thrown [s\src\hotspot\share\interpreter\linkResolver.cpp, line 759]
Event: 59.830 Thread 0x000001ccd9242040 Exception <a 'sun/nio/fs/WindowsException'{0x00000000eb26ca50}> (0x00000000eb26ca50) 
thrown [s\src\hotspot\share\prims\jni.cpp, line 516]
Event: 59.830 Thread 0x000001ccd9242040 Exception <a 'sun/nio/fs/WindowsException'{0x00000000eb26d088}> (0x00000000eb26d088) 
thrown [s\src\hotspot\share\prims\jni.cpp, line 516]

VM Operations (20 events):
Event: 57.068 Executing VM operation: ICBufferFull
Event: 57.068 Executing VM operation: ICBufferFull done
Event: 57.587 Executing VM operation: ParallelGCFailedAllocation
Event: 57.593 Executing VM operation: ParallelGCFailedAllocation done
Event: 57.837 Executing VM operation: HandshakeAllThreads
Event: 57.837 Executing VM operation: HandshakeAllThreads done
Event: 58.441 Executing VM operation: HandshakeAllThreads
Event: 58.441 Executing VM operation: HandshakeAllThreads done
Event: 58.667 Executing VM operation: ICBufferFull
Event: 58.667 Executing VM operation: ICBufferFull done
Event: 58.706 Executing VM operation: HandshakeAllThreads
Event: 58.706 Executing VM operation: HandshakeAllThreads done
Event: 58.752 Executing VM operation: ParallelGCFailedAllocation
Event: 58.942 Executing VM operation: ParallelGCFailedAllocation done
Event: 59.164 Executing VM operation: HandshakeAllThreads
Event: 59.167 Executing VM operation: HandshakeAllThreads done
Event: 59.189 Executing VM operation: HandshakeAllThreads
Event: 59.190 Executing VM operation: HandshakeAllThreads done
Event: 59.550 Executing VM operation: ICBufferFull
Event: 59.551 Executing VM operation: ICBufferFull done

Memory protections (0 events):
No events

Nmethod flushes (20 events):
Event: 59.201 Thread 0x000001ccd801af60 flushing  nmethod 0x000001ccc208d410
Event: 59.201 Thread 0x000001ccd801af60 flushing  nmethod 0x000001ccc20c0910
Event: 59.201 Thread 0x000001ccd801af60 flushing  nmethod 0x000001ccc20c1210
Event: 59.201 Thread 0x000001ccd801af60 flushing  nmethod 0x000001ccc20c1b90
Event: 59.201 Thread 0x000001ccd801af60 flushing  nmethod 0x000001ccc20c2690
Event: 59.202 Thread 0x000001ccd801af60 flushing  nmethod 0x000001ccc20d1690
Event: 59.202 Thread 0x000001ccd801af60 flushing  nmethod 0x000001ccc20d1c10
Event: 59.202 Thread 0x000001ccd801af60 flushing  nmethod 0x000001ccc20d3490
Event: 59.202 Thread 0x000001ccd801af60 flushing  nmethod 0x000001ccc20d4190
Event: 59.202 Thread 0x000001ccd801af60 flushing  nmethod 0x000001ccc20d4590
Event: 59.202 Thread 0x000001ccd801af60 flushing  nmethod 0x000001ccc20daa10
Event: 59.202 Thread 0x000001ccd801af60 flushing  nmethod 0x000001ccc20e7790
Event: 59.202 Thread 0x000001ccd801af60 flushing  nmethod 0x000001ccc20ef490
Event: 59.202 Thread 0x000001ccd801af60 flushing  nmethod 0x000001ccc20ef990
Event: 59.202 Thread 0x000001ccd801af60 flushing  nmethod 0x000001ccc20fe410
Event: 59.202 Thread 0x000001ccd801af60 flushing  nmethod 0x000001ccc20fea10
Event: 59.202 Thread 0x000001ccd801af60 flushing  nmethod 0x000001ccc2100610
Event: 59.202 Thread 0x000001ccd801af60 flushing  nmethod 0x000001ccc2101690
Event: 59.202 Thread 0x000001ccd801af60 flushing  nmethod 0x000001ccc2106f10
Event: 59.202 Thread 0x000001ccd801af60 flushing osr nmethod 0x000001ccc2133690

Events (20 events):
Event: 45.466 Thread 0x000001ccd837a380 Thread added: 0x000001ccd9248580
Event: 45.565 Thread 0x000001ccd9248580 Thread exited: 0x000001ccd9248580
Event: 45.877 Thread 0x000001ccd966a030 Thread exited: 0x000001ccd966a030
Event: 46.071 Thread 0x000001ccd2eadfc0 Thread added: 0x000001ccda3e97b0
Event: 46.521 Thread 0x000001ccda3e97b0 Thread exited: 0x000001ccda3e97b0
Event: 46.949 Thread 0x000001ccd2e835e0 Thread added: 0x000001ccd98f7c70
Event: 47.354 Thread 0x000001ccd9243ea0 Thread added: 0x000001ccd9242040
Event: 50.185 Thread 0x000001ccd98f7c70 Thread exited: 0x000001ccd98f7c70
Event: 50.444 Thread 0x000001ccd2eadfc0 Thread added: 0x000001ccda256d20
Event: 50.608 Thread 0x000001ccda256d20 Thread exited: 0x000001ccda256d20
Event: 50.611 Thread 0x000001ccd2eadfc0 Thread added: 0x000001ccda8acce0
Event: 51.706 Thread 0x000001ccda8acce0 Thread exited: 0x000001ccda8acce0
Event: 51.860 Thread 0x000001ccd2eadfc0 Thread added: 0x000001ccda8acce0
Event: 52.355 Thread 0x000001ccda8acce0 Thread exited: 0x000001ccda8acce0
Event: 52.375 Thread 0x000001ccd2eadfc0 Thread added: 0x000001ccda8acce0
Event: 53.421 Thread 0x000001ccd837a380 Thread added: 0x000001ccd9246210
Event: 53.422 Thread 0x000001ccd837a380 Thread added: 0x000001ccd92443b0
Event: 55.276 Thread 0x000001ccd837a380 Thread added: 0x000001ccd9246c30
Event: 55.916 Thread 0x000001ccd837a380 Thread added: 0x000001ccd92448c0
Event: 56.062 Thread 0x000001ccd837a380 Thread added: 0x000001ccd9247140


Dynamic libraries:
0x00007ff6d5200000 - 0x00007ff6d520e000 	c:\Users\admin\.cursor\extensions\redhat.java-1.38.0-win32-x64\jre\17.0.13-win32-x86_64\bin\java.exe
0x00007ffc24cd0000 - 0x00007ffc24ec8000 	C:\WINDOWS\SYSTEM32\ntdll.dll
0x00007ffc23c90000 - 0x00007ffc23d52000 	C:\WINDOWS\System32\KERNEL32.DLL
0x00007ffc229f0000 - 0x00007ffc22cee000 	C:\WINDOWS\System32\KERNELBASE.dll
0x00007ffc226d0000 - 0x00007ffc227d0000 	C:\WINDOWS\System32\ucrtbase.dll
0x00007ffc03be0000 - 0x00007ffc03bf7000 	c:\Users\admin\.cursor\extensions\redhat.java-1.38.0-win32-x64\jre\17.0.13-win32-x86_64\bin\jli.dll
0x00007ffc236b0000 - 0x00007ffc2384d000 	C:\WINDOWS\System32\USER32.dll
0x00007ffc22370000 - 0x00007ffc22392000 	C:\WINDOWS\System32\win32u.dll
0x00007ffc23c60000 - 0x00007ffc23c8b000 	C:\WINDOWS\System32\GDI32.dll
0x00007ffc22880000 - 0x00007ffc22997000 	C:\WINDOWS\System32\gdi32full.dll
0x00007ffc22500000 - 0x00007ffc2259d000 	C:\WINDOWS\System32\msvcp_win.dll
0x00007ffbfee00000 - 0x00007ffbfee1e000 	c:\Users\admin\.cursor\extensions\redhat.java-1.38.0-win32-x64\jre\17.0.13-win32-x86_64\bin\VCRUNTIME140.dll
0x00007ffc06d50000 - 0x00007ffc06fea000 	C:\WINDOWS\WinSxS\amd64_microsoft.windows.common-controls_6595b64144ccf1df_6.0.19041.4355_none_60b8b9eb71f62e16\COMCTL32.dll
0x00007ffc23b20000 - 0x00007ffc23bbe000 	C:\WINDOWS\System32\msvcrt.dll
0x00007ffc23bc0000 - 0x00007ffc23bef000 	C:\WINDOWS\System32\IMM32.DLL
0x00007ffc1cc90000 - 0x00007ffc1cc9c000 	c:\Users\admin\.cursor\extensions\redhat.java-1.38.0-win32-x64\jre\17.0.13-win32-x86_64\bin\vcruntime140_1.dll
0x00007ffbec670000 - 0x00007ffbec6fd000 	c:\Users\admin\.cursor\extensions\redhat.java-1.38.0-win32-x64\jre\17.0.13-win32-x86_64\bin\msvcp140.dll
0x00007ffb9f010000 - 0x00007ffb9fc7b000 	c:\Users\admin\.cursor\extensions\redhat.java-1.38.0-win32-x64\jre\17.0.13-win32-x86_64\bin\server\jvm.dll
0x00007ffc23470000 - 0x00007ffc23521000 	C:\WINDOWS\System32\ADVAPI32.dll
0x00007ffc23610000 - 0x00007ffc236af000 	C:\WINDOWS\System32\sechost.dll
0x00007ffc239f0000 - 0x00007ffc23b13000 	C:\WINDOWS\System32\RPCRT4.dll
0x00007ffc225a0000 - 0x00007ffc225c7000 	C:\WINDOWS\System32\bcrypt.dll
0x00007ffc24920000 - 0x00007ffc2498b000 	C:\WINDOWS\System32\WS2_32.dll
0x00007ffc218b0000 - 0x00007ffc218fb000 	C:\WINDOWS\SYSTEM32\POWRPROF.dll
0x00007ffbfe990000 - 0x00007ffbfe9b7000 	C:\WINDOWS\SYSTEM32\WINMM.dll
0x00007ffc1aa80000 - 0x00007ffc1aa8a000 	C:\WINDOWS\SYSTEM32\VERSION.dll
0x00007ffc21770000 - 0x00007ffc21782000 	C:\WINDOWS\SYSTEM32\UMPDC.dll
0x00007ffc20110000 - 0x00007ffc20122000 	C:\WINDOWS\SYSTEM32\kernel.appcore.dll
0x00007ffc1a5b0000 - 0x00007ffc1a5ba000 	c:\Users\admin\.cursor\extensions\redhat.java-1.38.0-win32-x64\jre\17.0.13-win32-x86_64\bin\jimage.dll
0x00007ffc0e240000 - 0x00007ffc0e424000 	C:\WINDOWS\SYSTEM32\DBGHELP.DLL
0x00007ffc0d690000 - 0x00007ffc0d6c4000 	C:\WINDOWS\SYSTEM32\dbgcore.DLL
0x00007ffc22640000 - 0x00007ffc226c2000 	C:\WINDOWS\System32\bcryptPrimitives.dll
0x00007ffc13890000 - 0x00007ffc1389e000 	c:\Users\admin\.cursor\extensions\redhat.java-1.38.0-win32-x64\jre\17.0.13-win32-x86_64\bin\instrument.dll
0x00007ffbf4960000 - 0x00007ffbf4985000 	c:\Users\admin\.cursor\extensions\redhat.java-1.38.0-win32-x64\jre\17.0.13-win32-x86_64\bin\java.dll
0x00007ffc0b8b0000 - 0x00007ffc0b8c8000 	c:\Users\admin\.cursor\extensions\redhat.java-1.38.0-win32-x64\jre\17.0.13-win32-x86_64\bin\zip.dll
0x00007ffc22cf0000 - 0x00007ffc2345d000 	C:\WINDOWS\System32\SHELL32.dll
0x00007ffc203f0000 - 0x00007ffc20b94000 	C:\WINDOWS\SYSTEM32\windows.storage.dll
0x00007ffc23f00000 - 0x00007ffc24253000 	C:\WINDOWS\System32\combase.dll
0x00007ffc21da0000 - 0x00007ffc21dce000 	C:\WINDOWS\SYSTEM32\Wldp.dll
0x00007ffc24bc0000 - 0x00007ffc24c8d000 	C:\WINDOWS\System32\OLEAUT32.dll
0x00007ffc24870000 - 0x00007ffc2491d000 	C:\WINDOWS\System32\SHCORE.dll
0x00007ffc23c00000 - 0x00007ffc23c55000 	C:\WINDOWS\System32\shlwapi.dll
0x00007ffc222a0000 - 0x00007ffc222c4000 	C:\WINDOWS\SYSTEM32\profapi.dll
0x00007ffc079b0000 - 0x00007ffc079c9000 	C:\Users\admin\.cursor\extensions\redhat.java-1.38.0-win32-x64\jre\17.0.13-win32-x86_64\bin\net.dll
0x00007ffc189c0000 - 0x00007ffc18acd000 	C:\WINDOWS\SYSTEM32\WINHTTP.dll
0x00007ffc21b00000 - 0x00007ffc21b6a000 	C:\WINDOWS\system32\mswsock.dll
0x00007ffc050d0000 - 0x00007ffc050e6000 	C:\Users\admin\.cursor\extensions\redhat.java-1.38.0-win32-x64\jre\17.0.13-win32-x86_64\bin\nio.dll
0x00007ffc11bb0000 - 0x00007ffc11bc0000 	c:\Users\admin\.cursor\extensions\redhat.java-1.38.0-win32-x64\jre\17.0.13-win32-x86_64\bin\verify.dll
0x00007ffbe4280000 - 0x00007ffbe42c5000 	C:\Users\admin\AppData\Roaming\Cursor\User\globalStorage\redhat.java\1.38.0\config_ss_win\org.eclipse.equinox.launcher\org.eclipse.equinox.launcher.win32.win32.x86_64_1.2.1100.v20240722-2106\eclipse_11904.dll
0x00007ffc23dd0000 - 0x00007ffc23efb000 	C:\WINDOWS\System32\ole32.dll
0x00007ffc04d60000 - 0x00007ffc04d6a000 	C:\Users\admin\.cursor\extensions\redhat.java-1.38.0-win32-x64\jre\17.0.13-win32-x86_64\bin\management.dll
0x00007ffbfa7c0000 - 0x00007ffbfa7cb000 	C:\Users\admin\.cursor\extensions\redhat.java-1.38.0-win32-x64\jre\17.0.13-win32-x86_64\bin\management_ext.dll
0x00007ffc23460000 - 0x00007ffc23468000 	C:\WINDOWS\System32\PSAPI.DLL
0x00007ffc21d00000 - 0x00007ffc21d18000 	C:\WINDOWS\SYSTEM32\CRYPTSP.dll
0x00007ffc213b0000 - 0x00007ffc213e4000 	C:\WINDOWS\system32\rsaenh.dll
0x00007ffc22220000 - 0x00007ffc2224e000 	C:\WINDOWS\SYSTEM32\USERENV.dll
0x00007ffc21cf0000 - 0x00007ffc21cfc000 	C:\WINDOWS\SYSTEM32\CRYPTBASE.dll
0x00007ffc21790000 - 0x00007ffc217cb000 	C:\WINDOWS\SYSTEM32\IPHLPAPI.DLL
0x00007ffc23dc0000 - 0x00007ffc23dc8000 	C:\WINDOWS\System32\NSI.dll
0x00007ffc1ad10000 - 0x00007ffc1ad27000 	C:\WINDOWS\SYSTEM32\dhcpcsvc6.DLL
0x00007ffc1a970000 - 0x00007ffc1a98d000 	C:\WINDOWS\SYSTEM32\dhcpcsvc.DLL
0x00007ffc217d0000 - 0x00007ffc2189a000 	C:\WINDOWS\SYSTEM32\DNSAPI.dll
0x00007ffb952b0000 - 0x00007ffb952f9000 	C:\Users\admin\AppData\Local\Temp\jna-92668751\jna10108499416505837244.dll

dbghelp: loaded successfully - version: 4.0.5 - missing functions: none
symbol engine: initialized successfully - sym options: 0x614 - pdb path: .;c:\Users\admin\.cursor\extensions\redhat.java-1.38.0-win32-x64\jre\17.0.13-win32-x86_64\bin;C:\WINDOWS\SYSTEM32;C:\WINDOWS\WinSxS\amd64_microsoft.windows.common-controls_6595b64144ccf1df_6.0.19041.4355_none_60b8b9eb71f62e16;c:\Users\admin\.cursor\extensions\redhat.java-1.38.0-win32-x64\jre\17.0.13-win32-x86_64\bin\server;C:\Users\admin\AppData\Roaming\Cursor\User\globalStorage\redhat.java\1.38.0\config_ss_win\org.eclipse.equinox.launcher\org.eclipse.equinox.launcher.win32.win32.x86_64_1.2.1100.v20240722-2106;C:\Users\admin\AppData\Local\Temp\jna-92668751

VM Arguments:
jvm_args: --add-modules=ALL-SYSTEM --add-opens=java.base/java.util=ALL-UNNAMED --add-opens=java.base/java.lang=ALL-UNNAMED --add-opens=java.base/sun.nio.fs=ALL-UNNAMED -Declipse.application=org.eclipse.jdt.ls.core.id1 -Dosgi.bundles.defaultStartLevel=4 -Declipse.product=org.eclipse.jdt.ls.core.product -Djava.import.generatesMetadataFilesAtProjectRoot=false -DDetectVMInstallationsJob.disabled=true -Dfile.encoding=utf8 -XX:+UseParallelGC -XX:GCTimeRatio=4 -XX:AdaptiveSizePolicyWeight=90 -Dsun.zip.disableMemoryMapping=true -Xmx1G -Xms100m -Xlog:disable -javaagent:c:\Users\admin\.cursor\extensions\redhat.java-1.38.0-win32-x64\lombok\lombok-1.18.34.jar 
java_command: c:\Users\admin\.cursor\extensions\redhat.java-1.38.0-win32-x64\server\plugins\org.eclipse.equinox.launcher_1.6.900.v20240613-2009.jar -configuration c:\Users\admin\AppData\Roaming\Cursor\User\globalStorage\redhat.java\1.38.0\config_ss_win -data c:\Users\admin\AppData\Roaming\Cursor\User\workspaceStorage\e593a7422e36c66f6785c8bc25427403\redhat.java\ss_ws --pipe=\\.\pipe\lsp-44403bd15c7839d0cc839e3ab02574c4-sock
java_class_path (initial): c:\Users\admin\.cursor\extensions\redhat.java-1.38.0-win32-x64\server\plugins\org.eclipse.equinox.launcher_1.6.900.v20240613-2009.jar
Launcher Type: SUN_STANDARD

[Global flags]
    uintx AdaptiveSizePolicyWeight                 = 90                                        {product} {command line}
     intx CICompilerCount                          = 3                                         {product} {ergonomic}
    uintx GCTimeRatio                              = 4                                         {product} {command line}
   size_t InitialHeapSize                          = 104857600                                 {product} {command line}
   size_t MaxHeapSize                              = 1073741824                                {product} {command line}
   size_t MaxNewSize                               = 357564416                                 {product} {ergonomic}
   size_t MinHeapDeltaBytes                        = 524288                                    {product} {ergonomic}
   size_t MinHeapSize                              = 104857600                                 {product} {command line}
   size_t NewSize                                  = 34603008                                  {product} {ergonomic}
    uintx NonNMethodCodeHeapSize                   = 5832780                                {pd product} {ergonomic}
    uintx NonProfiledCodeHeapSize                  = 122912730                              {pd product} {ergonomic}
   size_t OldSize                                  = 70254592                                  {product} {ergonomic}
    uintx ProfiledCodeHeapSize                     = 122912730                              {pd product} {ergonomic}
    uintx ReservedCodeCacheSize                    = 251658240                              {pd product} {ergonomic}
     bool SegmentedCodeCache                       = true                                      {product} {ergonomic}
   size_t SoftMaxHeapSize                          = 1073741824                             {manageable} {ergonomic}
     bool UseCompressedClassPointers               = true                           {product lp64_product} {ergonomic}
     bool UseCompressedOops                        = true                           {product lp64_product} {ergonomic}
     bool UseLargePagesIndividualAllocation        = false                                  {pd product} {ergonomic}
     bool UseParallelGC                            = true                                      {product} {command line}

Logging:
Log output configuration:
 #0: stdout all=off uptime,level,tags
 #1: stderr all=off uptime,level,tags

Environment Variables:
PATH=C:\Program Files (x86)\VMware\VMware Workstation\bin\;C:\Program Files\Common Files\Oracle\Java\javapath;c:\Users\admin\AppData\Local\Programs\cursor\resources\app\bin;C:\WINDOWS\system32;C:\WINDOWS;C:\WINDOWS\System32\Wbem;C:\WINDOWS\System32\WindowsPowerShell\v1.0\;C:\WINDOWS\System32\OpenSSH\;C:\Program Files\Java\jdk-21\bin;C:\Program Files (x86)\Microsoft SQL Server\160\Tools\Binn\;C:\Program Files\Microsoft SQL Server\160\Tools\Binn\;C:\Program Files\Microsoft SQL Server\Client SDK\ODBC\170\Tools\Binn\;C:\Program Files\Microsoft SQL Server\160\DTS\Binn\;C:\Program Files\dotnet\;C:\Program Files\Microsoft SQL Server\150\Tools\Binn\;C:\Program Files\Git\cmd;C:\Users\admin\AppData\Local\Programs\Python\Launcher\;C:\Users\admin\AppData\Local\Microsoft\WindowsApps;C:\Program Files\Azure Data Studio\bin;C:\Users\admin\.dotnet\tools;C:\Users\admin\AppData\Local\GitHubDesktop\bin;c:\Users\admin\AppData\Local\Programs\cursor\resources\app\bin;c:\Users\admin\AppData\Local\Programs\cursor\resources\app\bin;C:\Program Files\MySQL\MySQL Shell 8.0\bin\;C:\Users\admin\AppData\Local\Programs\Python\Launcher\;C:\Users\admin\AppData\Local\Microsoft\WindowsApps;C:\Users\admin\AppData\Local\Programs\Microsoft VS Code\bin;C:\Program Files\Azure Data Studio\bin;C:\Users\admin\.dotnet\tools;C:\Users\admin\AppData\Local\GitHubDesktop\bin
USERNAME=admin
OS=Windows_NT
PROCESSOR_IDENTIFIER=Intel64 Family 6 Model 142 Stepping 9, GenuineIntel
TMP=C:\Users\admin\AppData\Local\Temp
TEMP=C:\Users\admin\AppData\Local\Temp



Periodic native trim disabled


---------------  S Y S T E M  ---------------

OS:
 Windows 10 , 64 bit Build 19041 (10.0.19041.5198)
OS uptime: 0 days 5:53 hours

CPU: total 4 (initial active 4) (2 cores per cpu, 2 threads per core) family 6 model 142 stepping 9 microcode 0xf0, cx8, cmov, fxsr, ht, mmx, 3dnowpref, sse, sse2, sse3, ssse3, sse4.1, sse4.2, popcnt, lzcnt, tsc, tscinvbit, avx, avx2, aes, erms, clmul, bmi1, bmi2, adx, fma, vzeroupper, clflush, clflushopt
Processor Information for all 4 processors :
  Max Mhz: 2701, Current Mhz: 2701, Mhz Limit: 2701

Memory: 4k page, system-wide physical 16285M (2693M free)
TotalPageFile size 18333M (AvailPageFile size 4M)
current process WorkingSet (physical memory assigned to process): 243M, peak: 248M
current process commit charge ("private bytes"): 296M, peak: 303M

vm_info: OpenJDK 64-Bit Server VM (17.0.13+11) for windows-amd64 JRE (17.0.13+11), built on Oct 16 2024 00:10:08 by "admin" with MS VC++ 17.7 (VS2022)

END.
